#
# There is insufficient memory for the Java Runtime Environment to continue.
# Native memory allocation (malloc) failed to allocate 1048576 bytes. Error detail: AllocateHeap
# Possible reasons:
#   The system is out of physical RAM or swap space
#   This process is running with CompressedOops enabled, and the Java Heap may be blocking the growth of the native heap
# Possible solutions:
#   Reduce memory load on the system
#   Increase physical memory or swap space
#   Check if swap backing store is full
#   Decrease Java heap size (-Xmx/-Xms)
#   Decrease number of Java threads
#   Decrease Java thread stack sizes (-Xss)
#   Set larger code cache with -XX:ReservedCodeCacheSize=
#   JVM is running with Unscaled Compressed Oops mode in which the Java heap is
#     placed in the first 4GB address space. The Java Heap base address is the
#     maximum limit for the native heap growth. Please use -XX:HeapBaseMinAddress
#     to set the Java Heap base and to place the Java Heap above 4GB virtual address.
# This output file may be truncated or incomplete.
#
#  Out of Memory Error (allocation.cpp:44), pid=16216, tid=1596
#
# JRE version:  (22.0.2+9) (build )
# Java VM: OpenJDK 64-Bit Server VM (22.0.2+9-70, mixed mode, sharing, tiered, compressed oops, compressed class ptrs, g1 gc, windows-amd64)
# No core dump will be written. Minidumps are not enabled by default on client versions of Windows
#

---------------  S U M M A R Y ------------

Command Line: -javaagent:C:\Program Files\JetBrains\IntelliJ IDEA Community Edition 2024.2.1\lib\idea_rt.jar=60171:C:\Program Files\JetBrains\IntelliJ IDEA Community Edition 2024.2.1\bin -Dfile.encoding=UTF-8 -Dsun.stdout.encoding=UTF-8 -Dsun.stderr.encoding=UTF-8 --module-path=C:\Users\1\.m2\repository\org\openjfx\javafx-base\22.0.1\javafx-base-22.0.1-win.jar;C:\Users\1\.m2\repository\org\openjfx\javafx-graphics\22.0.1\javafx-graphics-22.0.1-win.jar;C:\Users\1\.m2\repository\org\openjfx\javafx-controls\22.0.1\javafx-controls-22.0.1-win.jar;C:\Users\1\.m2\repository\org\openjfx\javafx-fxml\22.0.1\javafx-fxml-22.0.1-win.jar;C:\Users\1\IdeaProjects\demo9\target\classes -Djdk.module.main=org.example.demo9 org.example.demo9/org.example.demo9.Main

Host: AMD Ryzen 5 3500U with Radeon Vega Mobile Gfx  , 8 cores, 6G,  Windows 10 , 64 bit Build 19041 (10.0.19041.2913)
Time: Thu Nov 28 08:40:35 2024 RTZ 2 (s 10 , 64 bit Build 19041 (10.0.19041.2913) elapsed time: 0.019542 seconds (0d 0h 0m 0s)

---------------  T H R E A D  ---------------

Current thread (0x000001cc641b8370):  JavaThread "Unknown thread" [_thread_in_vm, id=1596, stack(0x0000004b70900000,0x0000004b70a00000) (1024K)]

Stack: [0x0000004b70900000,0x0000004b70a00000]
Native frames: (J=compiled Java code, j=interpreted, Vv=VM code, C=native code)
V  [jvm.dll+0x6e26e9]  (no source info available)
V  [jvm.dll+0x875753]  (no source info available)
V  [jvm.dll+0x877b7e]  (no source info available)
V  [jvm.dll+0x878253]  (no source info available)
V  [jvm.dll+0x27fc86]  (no source info available)
V  [jvm.dll+0xbe877]  (no source info available)
V  [jvm.dll+0x335144]  (no source info available)
V  [jvm.dll+0x32d22e]  (no source info available)
V  [jvm.dll+0x83d5ac]  (no source info available)
V  [jvm.dll+0x3c10d1]  (no source info available)
V  [jvm.dll+0x8264cc]  (no source info available)
V  [jvm.dll+0x45bd5e]  (no source info available)
V  [jvm.dll+0x45dbe1]  (no source info available)
C  [jli.dll+0x52a3]  (no source info available)
C  [ucrtbase.dll+0x21bb2]  (no source info available)
C  [KERNEL32.DLL+0x17614]  (no source info available)
C  [ntdll.dll+0x526a1]  (no source info available)


---------------  P R O C E S S  ---------------

Threads class SMR info:
_java_thread_list=0x00007ffd771ac1c8, length=0, elements={
}

Java Threads: ( => current thread )
Total: 0

Other Threads:
  0x000001cc64209390 WorkerThread "GC Thread#0"                     [id=13876, stack(0x0000004b70a00000,0x0000004b70b00000) (1024K)]

[error occurred during error reporting (printing all threads), id 0xc0000005, EXCEPTION_ACCESS_VIOLATION (0xc0000005) at pc=0x00007ffd768f9c30]
VM state: not at safepoint (not fully initialized)

VM Mutex/Monitor currently owned by a thread:  ([mutex/lock_event])
[0x00007ffd7722cc80] Heap_lock - owner thread: 0x000001cc641b8370

Heap address: 0x0000000091000000, size: 1776 MB, Compressed Oops mode: 32-bit

CDS archive(s) mapped at: [0x0000000000000000-0x0000000000000000-0x0000000000000000), size 0, SharedBaseAddress: 0x0000000800000000, ArchiveRelocationMode: 1.
Narrow klass base: 0x0000000000000000, Narrow klass shift: 0, Narrow klass range: 0x0

GC Precious Log:
 CardTable entry size: 512
 Card Set container configuration: InlinePtr #cards 5 size 8 Array Of Cards #cards 12 size 40 Howl #buckets 4 coarsen threshold 1843 Howl Bitmap #cards 512 size 80 coarsen threshold 460 Card regions per heap region 1 cards per card region 2048

Heap:
 garbage-first heap   total reserved 1818624K, committed 0K, used 0K [0x0000000091000000, 0x0000000100000000)
  region size 1024K, 0 young (0K), 0 survivors (0K)

[error occurred during error reporting (printing heap information), id 0xc0000005, EXCEPTION_ACCESS_VIOLATION (0xc0000005) at pc=0x00007ffd76cfe869]
GC Heap History (0 events):
No events

Dll operation events (1 events):
Event: 0.012 Loaded shared library C:\Users\1\.jdks\openjdk-22.0.2\bin\java.dll

Deoptimization events (0 events):
No events

Classes loaded (0 events):
No events

Classes unloaded (0 events):
No events

Classes redefined (0 events):
No events

Internal exceptions (0 events):
No events

ZGC Phase Switch (0 events):
No events

VM Operations (0 events):
No events

Memory protections (0 events):
No events

Nmethod flushes (0 events):
No events

Events (0 events):
No events


Dynamic libraries:
0x00007ff76be20000 - 0x00007ff76be2e000 	C:\Users\1\.jdks\openjdk-22.0.2\bin\java.exe
0x00007ffda4770000 - 0x00007ffda4968000 	C:\Windows\SYSTEM32\ntdll.dll
0x00007ffda2880000 - 0x00007ffda293f000 	C:\Windows\System32\KERNEL32.DLL
0x00007ffda1ea0000 - 0x00007ffda2196000 	C:\Windows\System32\KERNELBASE.dll
0x00007ffda24f0000 - 0x00007ffda25f0000 	C:\Windows\System32\ucrtbase.dll
0x00007ffd9e8b0000 - 0x00007ffd9e8c7000 	C:\Users\1\.jdks\openjdk-22.0.2\bin\jli.dll
0x00007ffd9cea0000 - 0x00007ffd9cebb000 	C:\Users\1\.jdks\openjdk-22.0.2\bin\VCRUNTIME140.dll
0x00007ffda34d0000 - 0x00007ffda366d000 	C:\Windows\System32\USER32.dll
0x00007ffd906b0000 - 0x00007ffd9094a000 	C:\Windows\WinSxS\amd64_microsoft.windows.common-controls_6595b64144ccf1df_6.0.19041.1110_none_60b5254171f9507e\COMCTL32.dll
0x00007ffda21a0000 - 0x00007ffda21c2000 	C:\Windows\System32\win32u.dll
0x00007ffda4690000 - 0x00007ffda472e000 	C:\Windows\System32\msvcrt.dll
0x00007ffda43e0000 - 0x00007ffda440c000 	C:\Windows\System32\GDI32.dll
0x00007ffda21d0000 - 0x00007ffda22e5000 	C:\Windows\System32\gdi32full.dll
0x00007ffda2680000 - 0x00007ffda271d000 	C:\Windows\System32\msvcp_win.dll
0x00007ffda4260000 - 0x00007ffda4290000 	C:\Windows\System32\IMM32.DLL
0x00007ffd9ce10000 - 0x00007ffd9ce1c000 	C:\Users\1\.jdks\openjdk-22.0.2\bin\vcruntime140_1.dll
0x00007ffd996c0000 - 0x00007ffd9974e000 	C:\Users\1\.jdks\openjdk-22.0.2\bin\msvcp140.dll
0x00007ffd765c0000 - 0x00007ffd77309000 	C:\Users\1\.jdks\openjdk-22.0.2\bin\server\jvm.dll
0x00007ffda27d0000 - 0x00007ffda287f000 	C:\Windows\System32\ADVAPI32.dll
0x00007ffda45f0000 - 0x00007ffda468c000 	C:\Windows\System32\sechost.dll
0x00007ffda3700000 - 0x00007ffda3826000 	C:\Windows\System32\RPCRT4.dll
0x00007ffda3830000 - 0x00007ffda389b000 	C:\Windows\System32\WS2_32.dll
0x00007ffda1cc0000 - 0x00007ffda1d0b000 	C:\Windows\SYSTEM32\POWRPROF.dll
0x00007ffd97bb0000 - 0x00007ffd97bba000 	C:\Windows\SYSTEM32\VERSION.dll
0x00007ffd97050000 - 0x00007ffd97077000 	C:\Windows\SYSTEM32\WINMM.dll
0x00007ffda1ca0000 - 0x00007ffda1cb2000 	C:\Windows\SYSTEM32\UMPDC.dll
0x00007ffda06a0000 - 0x00007ffda06b2000 	C:\Windows\SYSTEM32\kernel.appcore.dll
0x00007ffd9ce00000 - 0x00007ffd9ce0a000 	C:\Users\1\.jdks\openjdk-22.0.2\bin\jimage.dll
0x00007ffd9fcb0000 - 0x00007ffd9fe94000 	C:\Windows\SYSTEM32\DBGHELP.DLL
0x00007ffd9ae20000 - 0x00007ffd9ae54000 	C:\Windows\SYSTEM32\dbgcore.DLL
0x00007ffda25f0000 - 0x00007ffda2672000 	C:\Windows\System32\bcryptPrimitives.dll
0x00007ffd9b140000 - 0x00007ffd9b14f000 	C:\Users\1\.jdks\openjdk-22.0.2\bin\instrument.dll
0x00007ffd9aa60000 - 0x00007ffd9aa7e000 	C:\Users\1\.jdks\openjdk-22.0.2\bin\java.dll
0x00007ffda3900000 - 0x00007ffda4044000 	C:\Windows\System32\SHELL32.dll
0x00007ffda4290000 - 0x00007ffda43ba000 	C:\Windows\System32\ole32.dll
0x00007ffda2940000 - 0x00007ffda2c94000 	C:\Windows\System32\combase.dll

dbghelp: loaded successfully - version: 4.0.5 - missing functions: none
symbol engine: initialized successfully - sym options: 0x614 - pdb path: .;C:\Users\1\.jdks\openjdk-22.0.2\bin;C:\Windows\SYSTEM32;C:\Windows\WinSxS\amd64_microsoft.windows.common-controls_6595b64144ccf1df_6.0.19041.1110_none_60b5254171f9507e;C:\Users\1\.jdks\openjdk-22.0.2\bin\server

VM Arguments:
jvm_args: -javaagent:C:\Program Files\JetBrains\IntelliJ IDEA Community Edition 2024.2.1\lib\idea_rt.jar=60171:C:\Program Files\JetBrains\IntelliJ IDEA Community Edition 2024.2.1\bin -Dfile.encoding=UTF-8 -Dsun.stdout.encoding=UTF-8 -Dsun.stderr.encoding=UTF-8 --module-path=C:\Users\1\.m2\repository\org\openjfx\javafx-base\22.0.1\javafx-base-22.0.1-win.jar;C:\Users\1\.m2\repository\org\openjfx\javafx-graphics\22.0.1\javafx-graphics-22.0.1-win.jar;C:\Users\1\.m2\repository\org\openjfx\javafx-controls\22.0.1\javafx-controls-22.0.1-win.jar;C:\Users\1\.m2\repository\org\openjfx\javafx-fxml\22.0.1\javafx-fxml-22.0.1-win.jar;C:\Users\1\IdeaProjects\demo9\target\classes -Djdk.module.main=org.example.demo9 
java_command: org.example.demo9/org.example.demo9.Main
java_class_path (initial): C:\Users\1\.m2\repository\org\openjfx\javafx-controls\22.0.1\javafx-controls-22.0.1.jar;C:\Users\1\.m2\repository\org\openjfx\javafx-graphics\22.0.1\javafx-graphics-22.0.1.jar;C:\Users\1\.m2\repository\org\openjfx\javafx-base\22.0.1\javafx-base-22.0.1.jar;C:\Users\1\.m2\repository\org\openjfx\javafx-fxml\22.0.1\javafx-fxml-22.0.1.jar
Launcher Type: SUN_STANDARD

[Global flags]
     intx CICompilerCount                          = 4                                         {product} {ergonomic}
     uint ConcGCThreads                            = 2                                         {product} {ergonomic}
     uint G1ConcRefinementThreads                  = 8                                         {product} {ergonomic}
   size_t G1HeapRegionSize                         = 1048576                                   {product} {ergonomic}
   size_t InitialHeapSize                          = 117440512                                 {product} {ergonomic}
   size_t MarkStackSize                            = 4194304                                   {product} {ergonomic}
   size_t MaxHeapSize                              = 1862270976                                {product} {ergonomic}
   size_t MinHeapDeltaBytes                        = 1048576                                   {product} {ergonomic}
   size_t MinHeapSize                              = 8388608                                   {product} {ergonomic}
    uintx NonNMethodCodeHeapSize                   = 5839372                                {pd product} {ergonomic}
    uintx NonProfiledCodeHeapSize                  = 122909434                              {pd product} {ergonomic}
    uintx ProfiledCodeHeapSize                     = 122909434                              {pd product} {ergonomic}
    uintx ReservedCodeCacheSize                    = 251658240                              {pd product} {ergonomic}
     bool SegmentedCodeCache                       = true                                      {product} {ergonomic}
   size_t SoftMaxHeapSize                          = 1862270976                             {manageable} {ergonomic}
     bool UseCompressedOops                        = true                           {product lp64_product} {ergonomic}
     bool UseG1GC                                  = true                                      {product} {ergonomic}
     bool UseLargePagesIndividualAllocation        = false                                  {pd product} {ergonomic}

Logging:
Log output configuration:
 #0: stdout all=warning uptime,level,tags foldmultilines=false
 #1: stderr all=off uptime,level,tags foldmultilines=false

Environment Variables:
PATH=C:\Windows\system32;C:\Windows;C:\Windows\System32\Wbem;C:\Windows\System32\WindowsPowerShell\v1.0\;C:\Windows\System32\OpenSSH\;C:\Program Files\Microsoft SQL Server\150\Tools\Binn\;C:\Program Files\Microsoft SQL Server\Client SDK\ODBC\170\Tools\Binn\;C:\Program Files\dotnet\;C:\Program Files (x86)\Windows Kits\10\Windows Performance Toolkit\;C:\Program Files\Git\cmd;C:\Users\1\AppData\Local\Programs\Python\Launcher\;C:\Users\1\AppData\Local\Microsoft\WindowsApps;C:\Users\1\AppData\Local\Programs\Microsoft VS Code\bin;C:\Users\1\.dotnet\tools;C:\Program Files\JetBrains\IntelliJ IDEA Community Edition 2024.2.1\bin;;D:\Загрузки\Windsurf\bin
USERNAME=1
OS=Windows_NT
PROCESSOR_IDENTIFIER=AMD64 Family 23 Model 24 Stepping 1, AuthenticAMD
TMP=C:\Users\1\AppData\Local\Temp
TEMP=C:\Users\1\AppData\Local\Temp




Periodic native trim disabled

---------------  S Y S T E M  ---------------

OS:
 Windows 10 , 64 bit Build 19041 (10.0.19041.2913)
OS uptime: 38 days 2:17 hours

CPU: total 8 (initial active 8) (8 cores per cpu, 2 threads per core) family 23 model 24 stepping 1 microcode 0x0, cx8, cmov, fxsr, ht, mmx, 3dnowpref, sse, sse2, sse3, ssse3, sse4a, sse4.1, sse4.2, popcnt, lzcnt, tsc, tscinvbit, avx, avx2, aes, clmul, bmi1, bmi2, adx, sha, fma, vzeroupper, clflush, clflushopt, rdtscp, f16c
Processor Information for all 8 processors :
  Max Mhz: 2100, Current Mhz: 2100, Mhz Limit: 2100

Memory: 4k page, system-wide physical 7103M (89M free)
TotalPageFile size 19521M (AvailPageFile size 5M)
current process WorkingSet (physical memory assigned to process): 11M, peak: 11M
current process commit charge ("private bytes"): 53M, peak: 54M

vm_info: OpenJDK 64-Bit Server VM (22.0.2+9-70) for windows-amd64 JRE (22.0.2+9-70), built on 2024-06-04T16:52:23Z by "mach5one" with MS VC++ 17.6 (VS2022)

END.
